This is pdfTeX, Version 3.141592653-2.6-1.40.26 (MiKTeX 24.4) (preloaded format=pdflatex 2024.10.31)  21 MAY 2025 20:04
entering extended mode
 restricted \write18 enabled.
 %&-line parsing enabled.
**./SP-name.tex
(SP-name.tex
LaTeX2e <2024-06-01> patch level 2
L3 programming layer <2024-08-16>

LaTeX Warning: \include should only be used after \begin{document} on input lin
e 3.

(preamble.tex
(C:\Users\asus\AppData\Local\Programs\MiKTeX\tex/latex/base\book.cls
Document Class: book 2024/02/08 v1.4n Standard LaTeX document class
(C:\Users\asus\AppData\Local\Programs\MiKTeX\tex/latex/base\bk12.clo
File: bk12.clo 2024/02/08 v1.4n Standard LaTeX file (size option)
)
\c@part=\count194
\c@chapter=\count195
\c@section=\count196
\c@subsection=\count197
\c@subsubsection=\count198
\c@paragraph=\count199
\c@subparagraph=\count266
\c@figure=\count267
\c@table=\count268
\abovecaptionskip=\skip49
\belowcaptionskip=\skip50
\bibindent=\dimen141
)
(C:\Users\asus\AppData\Local\Programs\MiKTeX\tex/latex/pdfpages\pdfpages.sty
Package: pdfpages 2024/08/20 v0.6b Insert pages of external PDF documents (AM)

(C:\Users\asus\AppData\Local\Programs\MiKTeX\tex/latex/base\ifthen.sty
Package: ifthen 2024/03/16 v1.1e Standard LaTeX ifthen package (DPC)
)
(C:\Users\asus\AppData\Local\Programs\MiKTeX\tex/latex/tools\calc.sty
Package: calc 2023/07/08 v4.3 Infix arithmetic (KKT,FJ)
\calc@Acount=\count269
\calc@Bcount=\count270
\calc@Adimen=\dimen142
\calc@Bdimen=\dimen143
\calc@Askip=\skip51
\calc@Bskip=\skip52
LaTeX Info: Redefining \setlength on input line 80.
LaTeX Info: Redefining \addtolength on input line 81.
\calc@Ccount=\count271
\calc@Cskip=\skip53
)
(C:\Users\asus\AppData\Local\Programs\MiKTeX\tex/latex/eso-pic\eso-pic.sty
Package: eso-pic 2023/05/03 v3.0c eso-pic (RN)
\ESO@tempdima=\dimen144
\ESO@tempdimb=\dimen145

(C:\Users\asus\AppData\Local\Programs\MiKTeX\tex/latex/graphics\keyval.sty
Package: keyval 2022/05/29 v1.15 key=value parser (DPC)
\KV@toks@=\toks17
)
(C:\Users\asus\AppData\Local\Programs\MiKTeX\tex/latex/xcolor\xcolor.sty
Package: xcolor 2023/11/15 v3.01 LaTeX color extensions (UK)

(C:\Users\asus\AppData\Local\Programs\MiKTeX\tex/latex/graphics-cfg\color.cfg
File: color.cfg 2016/01/02 v1.6 sample color configuration
)
Package xcolor Info: Driver file: pdftex.def on input line 274.

(C:\Users\asus\AppData\Local\Programs\MiKTeX\tex/latex/graphics-def\pdftex.def
File: pdftex.def 2024/04/13 v1.2c Graphics/color driver for pdftex
) (C:\Users\asus\AppData\Local\Programs\MiKTeX\tex/latex/graphics\mathcolor.ltx
)
Package xcolor Info: Model `cmy' substituted by `cmy0' on input line 1350.
Package xcolor Info: Model `hsb' substituted by `rgb' on input line 1354.
Package xcolor Info: Model `RGB' extended on input line 1366.
Package xcolor Info: Model `HTML' substituted by `rgb' on input line 1368.
Package xcolor Info: Model `Hsb' substituted by `hsb' on input line 1369.
Package xcolor Info: Model `tHsb' substituted by `hsb' on input line 1370.
Package xcolor Info: Model `HSB' substituted by `hsb' on input line 1371.
Package xcolor Info: Model `Gray' substituted by `gray' on input line 1372.
Package xcolor Info: Model `wave' substituted by `hsb' on input line 1373.
)) (C:\Users\asus\AppData\Local\Programs\MiKTeX\tex/latex/graphics\graphicx.sty
Package: graphicx 2021/09/16 v1.2d Enhanced LaTeX Graphics (DPC,SPQR)
(C:\Users\asus\AppData\Local\Programs\MiKTeX\tex/latex/graphics\graphics.sty
Package: graphics 2024/05/23 v1.4g Standard LaTeX Graphics (DPC,SPQR)

(C:\Users\asus\AppData\Local\Programs\MiKTeX\tex/latex/graphics\trig.sty
Package: trig 2023/12/02 v1.11 sin cos tan (DPC)
)
(C:\Users\asus\AppData\Local\Programs\MiKTeX\tex/latex/graphics-cfg\graphics.cf
g
File: graphics.cfg 2016/06/04 v1.11 sample graphics configuration
)
Package graphics Info: Driver file: pdftex.def on input line 106.
)
\Gin@req@height=\dimen146
\Gin@req@width=\dimen147
)
\AM@pagewidth=\dimen148
\AM@pageheight=\dimen149
\AM@fboxrule=\dimen150

(C:\Users\asus\AppData\Local\Programs\MiKTeX\tex/latex/pdfpages\pppdftex.def
File: pppdftex.def 2024/08/20 v0.6b Pdfpages driver for pdfTeX (AM)
)
\pdfpages@includegraphics@status=\count272
\AM@pagebox=\box52
\AM@global@opts=\toks18
\AM@pagecnt=\count273
\AM@toc@title=\toks19
\AM@lof@heading=\toks20
\c@AM@survey=\count274
\AM@templatesizebox=\box53
)
(C:\Users\asus\AppData\Local\Programs\MiKTeX\tex/latex/apacite\apacite.sty
Package: apacite 2013/07/21 v6.03 APA citation
\c@BibCnt=\count275
\bibleftmargin=\skip54
\bibindent=\skip55
\bibparsep=\skip56
\bibitemsep=\skip57
\biblabelsep=\skip58
)
(C:\Users\asus\AppData\Local\Programs\MiKTeX\tex/latex/amsmath\amsmath.sty
Package: amsmath 2024/05/23 v2.17q AMS math features
\@mathmargin=\skip59

For additional information on amsmath, use the `?' option.
(C:\Users\asus\AppData\Local\Programs\MiKTeX\tex/latex/amsmath\amstext.sty
Package: amstext 2021/08/26 v2.01 AMS text

(C:\Users\asus\AppData\Local\Programs\MiKTeX\tex/latex/amsmath\amsgen.sty
File: amsgen.sty 1999/11/30 v2.0 generic functions
\@emptytoks=\toks21
\ex@=\dimen151
))
(C:\Users\asus\AppData\Local\Programs\MiKTeX\tex/latex/amsmath\amsbsy.sty
Package: amsbsy 1999/11/29 v1.2d Bold Symbols
\pmbraise@=\dimen152
)
(C:\Users\asus\AppData\Local\Programs\MiKTeX\tex/latex/amsmath\amsopn.sty
Package: amsopn 2022/04/08 v2.04 operator names
)
\inf@bad=\count276
LaTeX Info: Redefining \frac on input line 233.
\uproot@=\count277
\leftroot@=\count278
LaTeX Info: Redefining \overline on input line 398.
LaTeX Info: Redefining \colon on input line 409.
\classnum@=\count279
\DOTSCASE@=\count280
LaTeX Info: Redefining \ldots on input line 495.
LaTeX Info: Redefining \dots on input line 498.
LaTeX Info: Redefining \cdots on input line 619.
\Mathstrutbox@=\box54
\strutbox@=\box55
LaTeX Info: Redefining \big on input line 721.
LaTeX Info: Redefining \Big on input line 722.
LaTeX Info: Redefining \bigg on input line 723.
LaTeX Info: Redefining \Bigg on input line 724.
\big@size=\dimen153
LaTeX Font Info:    Redeclaring font encoding OML on input line 742.
LaTeX Font Info:    Redeclaring font encoding OMS on input line 743.
\macc@depth=\count281
LaTeX Info: Redefining \bmod on input line 904.
LaTeX Info: Redefining \pmod on input line 909.
LaTeX Info: Redefining \smash on input line 939.
LaTeX Info: Redefining \relbar on input line 969.
LaTeX Info: Redefining \Relbar on input line 970.
\c@MaxMatrixCols=\count282
\dotsspace@=\muskip17
\c@parentequation=\count283
\dspbrk@lvl=\count284
\tag@help=\toks22
\row@=\count285
\column@=\count286
\maxfields@=\count287
\andhelp@=\toks23
\eqnshift@=\dimen154
\alignsep@=\dimen155
\tagshift@=\dimen156
\tagwidth@=\dimen157
\totwidth@=\dimen158
\lineht@=\dimen159
\@envbody=\toks24
\multlinegap=\skip60
\multlinetaggap=\skip61
\mathdisplay@stack=\toks25
LaTeX Info: Redefining \[ on input line 2953.
LaTeX Info: Redefining \] on input line 2954.
)
(C:\Users\asus\AppData\Local\Programs\MiKTeX\tex/latex/amsfonts\amsfonts.sty
Package: amsfonts 2013/01/14 v3.01 Basic AMSFonts support
\symAMSa=\mathgroup4
\symAMSb=\mathgroup5
LaTeX Font Info:    Redeclaring math symbol \hbar on input line 98.
LaTeX Font Info:    Overwriting math alphabet `\mathfrak' in version `bold'
(Font)                  U/euf/m/n --> U/euf/b/n on input line 106.
)
(C:\Users\asus\AppData\Local\Programs\MiKTeX\tex/latex/amsfonts\amssymb.sty
Package: amssymb 2013/01/14 v3.01 AMS font symbols
)
(C:\Users\asus\AppData\Local\Programs\MiKTeX\tex/latex/float\float.sty
Package: float 2001/11/08 v1.3d Float enhancements (AL)
\c@float@type=\count288
\float@exts=\toks26
\float@box=\box56
\@float@everytoks=\toks27
\@floatcapt=\box57
)
(C:\Users\asus\AppData\Local\Programs\MiKTeX\tex/latex/tools\verbatim.sty
Package: verbatim 2024-01-22 v1.5x LaTeX2e package for verbatim enhancements
\every@verbatim=\toks28
\verbatim@line=\toks29
\verbatim@in@stream=\read2
)
(C:\Users\asus\AppData\Local\Programs\MiKTeX\tex/latex/url\url.sty
\Urlmuskip=\muskip18
Package: url 2013/09/16  ver 3.4  Verb mode for urls, etc.
)
(C:\Users\asus\AppData\Local\Programs\MiKTeX\tex/latex/tools\tabularx.sty
Package: tabularx 2023/12/11 v2.12a `tabularx' package (DPC)

(C:\Users\asus\AppData\Local\Programs\MiKTeX\tex/latex/tools\array.sty
Package: array 2024/06/14 v2.6d Tabular extension package (FMi)
\col@sep=\dimen160
\ar@mcellbox=\box58
\extrarowheight=\dimen161
\NC@list=\toks30
\extratabsurround=\skip62
\backup@length=\skip63
\ar@cellbox=\box59
)
\TX@col@width=\dimen162
\TX@old@table=\dimen163
\TX@old@col=\dimen164
\TX@target=\dimen165
\TX@delta=\dimen166
\TX@cols=\count289
\TX@ftn=\toks31
)
(C:\Users\asus\AppData\Local\Programs\MiKTeX\tex/latex/setspace\setspace.sty
Package: setspace 2022/12/04 v6.7b set line spacing
)
(C:\Users\asus\AppData\Local\Programs\MiKTeX\tex/latex/lineno\lineno.sty
Package: lineno 2023/05/20 line numbers on paragraphs v5.3

(C:\Users\asus\AppData\Local\Programs\MiKTeX\tex/latex/etoolbox\etoolbox.sty
Package: etoolbox 2020/10/05 v2.5k e-TeX tools for LaTeX (JAW)
\etb@tempcnta=\count290
)
(C:\Users\asus\AppData\Local\Programs\MiKTeX\tex/latex/kvoptions\kvoptions.sty
Package: kvoptions 2022-06-15 v3.15 Key value format for package options (HO)

(C:\Users\asus\AppData\Local\Programs\MiKTeX\tex/generic/ltxcmds\ltxcmds.sty
Package: ltxcmds 2023-12-04 v1.26 LaTeX kernel commands for general use (HO)
)
(C:\Users\asus\AppData\Local\Programs\MiKTeX\tex/latex/kvsetkeys\kvsetkeys.sty
Package: kvsetkeys 2022-10-05 v1.19 Key value parser (HO)
))
\linenopenalty=\count291
\output=\toks32
\linenoprevgraf=\count292
\linenumbersep=\dimen167
\linenumberwidth=\dimen168
\c@linenumber=\count293
\c@pagewiselinenumber=\count294
\c@LN@truepage=\count295
\c@internallinenumber=\count296
\c@internallinenumbers=\count297
\quotelinenumbersep=\dimen169
\bframerule=\dimen170
\bframesep=\dimen171
\bframebox=\box60
\linenoamsmath@ams@eqpen=\count298
LaTeX Info: Redefining \\ on input line 3180.
))
(C:\Users\asus\AppData\Local\Programs\MiKTeX\tex/latex/l3backend\l3backend-pdft
ex.def
File: l3backend-pdftex.def 2024-05-08 L3 backend support: PDF output (pdfTeX)
\l__color_backend_stack_int=\count299
\l__pdf_internal_box=\box61
)

LaTeX Warning: Unused global option(s):
    [twopage].

(SP-name.aux (title_page.aux) (approval.aux) (declaration.aux) (dedication.aux)
(acknowledgment.aux) (abstract.aux) (chapter_1.aux) (chapter_2.aux)
(chapter_3.aux) (chapter_4.aux) (chapter_5.aux) (chapter_6.aux))
\openout1 = `SP-name.aux'.

LaTeX Font Info:    Checking defaults for OML/cmm/m/it on input line 7.
LaTeX Font Info:    ... okay on input line 7.
LaTeX Font Info:    Checking defaults for OMS/cmsy/m/n on input line 7.
LaTeX Font Info:    ... okay on input line 7.
LaTeX Font Info:    Checking defaults for OT1/cmr/m/n on input line 7.
LaTeX Font Info:    ... okay on input line 7.
LaTeX Font Info:    Checking defaults for T1/cmr/m/n on input line 7.
LaTeX Font Info:    ... okay on input line 7.
LaTeX Font Info:    Checking defaults for TS1/cmr/m/n on input line 7.
LaTeX Font Info:    ... okay on input line 7.
LaTeX Font Info:    Checking defaults for OMX/cmex/m/n on input line 7.
LaTeX Font Info:    ... okay on input line 7.
LaTeX Font Info:    Checking defaults for U/cmr/m/n on input line 7.
LaTeX Font Info:    ... okay on input line 7.

(C:\Users\asus\AppData\Local\Programs\MiKTeX\tex/context/base/mkii\supp-pdf.mki
i
[Loading MPS to PDF converter (version 2006.09.02).]
\scratchcounter=\count300
\scratchdimen=\dimen172
\scratchbox=\box62
\nofMPsegments=\count301
\nofMParguments=\count302
\everyMPshowfont=\toks33
\MPscratchCnt=\count303
\MPscratchDim=\dimen173
\MPnumerator=\count304
\makeMPintoPDFobject=\count305
\everyMPtoPDFconversion=\toks34
)
(C:\Users\asus\AppData\Local\Programs\MiKTeX\tex/latex/epstopdf-pkg\epstopdf-ba
se.sty
Package: epstopdf-base 2020-01-24 v2.11 Base part for package epstopdf
Package epstopdf-base Info: Redefining graphics rule for `.eps' on input line 4
85.

(C:\Users\asus\AppData\Local\Programs\MiKTeX\tex/latex/00miktex\epstopdf-sys.cf
g
File: epstopdf-sys.cfg 2021/03/18 v2.0 Configuration of epstopdf for MiKTeX
))
(C:\Users\asus\AppData\Local\Programs\MiKTeX\tex/latex/pdflscape\pdflscape.sty
Package: pdflscape 2022-10-27 v0.13 Display of landscape pages in PDF

(C:\Users\asus\AppData\Local\Programs\MiKTeX\tex/latex/pdflscape\pdflscape-nome
tadata.sty
Package: pdflscape-nometadata 2022-10-28 v0.13 Display of landscape pages in PD
F (HO)

(C:\Users\asus\AppData\Local\Programs\MiKTeX\tex/generic/iftex\iftex.sty
Package: iftex 2022/02/03 v1.0f TeX engine tests
)
(C:\Users\asus\AppData\Local\Programs\MiKTeX\tex/latex/graphics\lscape.sty
Package: lscape 2020/05/28 v3.02 Landscape Pages (DPC)
)
Package pdflscape Info: Auto-detected driver: pdftex on input line 81.
))
\c@maskedRefs=\count306

(C:\Users\asus\AppData\Local\Programs\MiKTeX\tex/latex/apacite\english.apc
File: english.apc 2013/07/21 v6.03 apacite language file
LaTeX Info: Redefining \BPBI on input line 129.
LaTeX Info: Redefining \BHBI on input line 130.
)
\openout2 = `title_page.aux'.


(title_page.tex

[1



{C:/Users/asus/AppData/Local/MiKTeX/fonts/map/pdftex/pdftex.map}])
\openout2 = `approval.aux'.


(approval.tex
LaTeX Font Info:    Trying to load font information for U+msa on input line 15.


(C:\Users\asus\AppData\Local\Programs\MiKTeX\tex/latex/amsfonts\umsa.fd
File: umsa.fd 2013/01/14 v3.01 AMS symbols A
)
LaTeX Font Info:    Trying to load font information for U+msb on input line 15.


(C:\Users\asus\AppData\Local\Programs\MiKTeX\tex/latex/amsfonts\umsb.fd
File: umsb.fd 2013/01/14 v3.01 AMS symbols B
))
Overfull \hbox (7.22237pt too wide) in paragraph at lines 15--12
[][] 
 []



[2



]
\openout2 = `declaration.aux'.

 (declaration.tex)

[3



]
\openout2 = `dedication.aux'.

 (dedication.tex)

[4



]
\openout2 = `acknowledgment.aux'.

 (acknowledgment.tex)

[5



]
\openout2 = `abstract.aux'.

 (abstract.tex)

[6



] (SP-name.toc
Underfull \vbox (badness 10000) has occurred while \output is active []



[7



]

[8])
\tf@toc=\write3
\openout3 = `SP-name.toc'.



[9]

[10

] (SP-name.lof)
\tf@lof=\write4
\openout4 = `SP-name.lof'.



[11]

[12

] (SP-name.lot)
\tf@lot=\write5
\openout5 = `SP-name.lot'.



[13]
\openout2 = `chapter_1.aux'.

 (chapter_1.tex
Chapter 1.

LaTeX Warning: Citation `Crystal_Robins_2024' undefined on input line 8.


LaTeX Warning: Citation `Jeresano_Carretero_2022' undefined on input line 8.


LaTeX Warning: Citation `article' undefined on input line 8.


LaTeX Warning: Citation `Fernández-Toro_2016' undefined on input line 10.


LaTeX Warning: Citation `McArthur_1998' undefined on input line 10.


Underfull \vbox (badness 10000) has occurred while \output is active []



[1


]

LaTeX Warning: Citation `Liu_Zhang_Li_2023' undefined on input line 12.


LaTeX Warning: Citation `Barseghyan2014ONSA' undefined on input line 12.


LaTeX Warning: Citation `Sabri2020' undefined on input line 12.


LaTeX Warning: Citation `Maulidiya_Wijaya_Mauren_Adha_Pandin_2021' undefined on
 input line 12.


LaTeX Warning: Citation `Dua_Jacobson_Ellingrud_Enomoto_Cordina_Coe_Finneman_20
24' undefined on input line 14.


LaTeX Warning: Citation `Ghazali_Abdullah_2021' undefined on input line 14.


LaTeX Warning: Citation `Vacalares_Salas_Babac_Cagalawan_Calimpong_2023' undefi
ned on input line 14.


Underfull \vbox (badness 10000) has occurred while \output is active []



[2]
Underfull \vbox (badness 10000) has occurred while \output is active []



[3]
Underfull \vbox (badness 1365) has occurred while \output is active []



[4])

[5]

[6]
\openout2 = `chapter_2.aux'.

 (chapter_2.tex
Chapter 2.

LaTeX Warning: Citation `Liu_Gui_Zuo_Dai_2019' undefined on input line 6.


LaTeX Warning: Citation `Ambarsari_Amrullah_Nawawi_2020' undefined on input lin
e 6.


LaTeX Warning: Citation `SUSLAK2009199' undefined on input line 10.


LaTeX Warning: Citation `Teng_Joo2023' undefined on input line 11.


Underfull \vbox (badness 10000) has occurred while \output is active []



[7




]

LaTeX Warning: Citation `gonzagaforda' undefined on input line 13.


LaTeX Warning: Citation `euchner2023generative' undefined on input line 16.


LaTeX Warning: Citation `brynjolfsson2023generative' undefined on input line 16
.


LaTeX Warning: Citation `fui2023generative' undefined on input line 16.


LaTeX Warning: Citation `Vergho' undefined on input line 19.


LaTeX Warning: Citation `Khazeni' undefined on input line 22.


Underfull \vbox (badness 1009) has occurred while \output is active []



[8]

LaTeX Warning: Citation `Nocon_Kho_Arroyo_2018' undefined on input line 24.


LaTeX Warning: Citation `Ibrahim_Sharief' undefined on input line 26.


Underfull \vbox (badness 10000) has occurred while \output is active []



[9]
Underfull \hbox (badness 10000) in paragraph at lines 35--35
[]|\OT1/cmr/m/n/12 Problem
 []


Underfull \hbox (badness 10000) in paragraph at lines 38--38
[]|\OT1/cmr/m/n/12 Developing
 []


Underfull \hbox (badness 10000) in paragraph at lines 38--38
\OT1/cmr/m/n/12 ma-chine
 []


Underfull \hbox (badness 10000) in paragraph at lines 38--38
\OT1/cmr/m/n/12 trans-la-tors
 []


Underfull \hbox (badness 10000) in paragraph at lines 38--38
\OT1/cmr/m/n/12 for Fil-ipino
 []


Underfull \hbox (badness 10000) in paragraph at lines 38--38
\OT1/cmr/m/n/12 col-lo-qui-
 []


Underfull \hbox (badness 10000) in paragraph at lines 38--38
\OT1/cmr/m/n/12 alisms us-ing
 []


Underfull \hbox (badness 10000) in paragraph at lines 38--38
\OT1/cmr/m/n/12 sequence-
 []


Underfull \hbox (badness 10000) in paragraph at lines 38--38
\OT1/cmr/m/n/12 to-sequence
 []


Underfull \hbox (badness 10000) in paragraph at lines 38--38
\OT1/cmr/m/n/12 mod-els and
 []


Underfull \hbox (badness 10000) in paragraph at lines 38--38
\OT1/cmr/m/n/12 sta-tis-ti-cal
 []


Underfull \hbox (badness 10000) in paragraph at lines 38--38
\OT1/cmr/m/n/12 ma-chine
 []


Underfull \hbox (badness 10000) in paragraph at lines 38--38
\OT1/cmr/m/n/12 trans-la-tion
 []


Underfull \hbox (badness 10000) in paragraph at lines 38--39
[]|\OT1/cmr/m/n/12 Tensorflow
 []


Underfull \hbox (badness 10000) in paragraph at lines 38--39
\OT1/cmr/m/n/12 mod-els had
 []


Underfull \hbox (badness 10000) in paragraph at lines 38--39
\OT1/cmr/m/n/12 is-sues with
 []


Underfull \hbox (badness 10000) in paragraph at lines 38--39
\OT1/cmr/m/n/12 un-known
 []


Underfull \hbox (badness 10000) in paragraph at lines 38--39
\OT1/cmr/m/n/12 to-kens and
 []


Underfull \hbox (badness 10000) in paragraph at lines 38--39
\OT1/cmr/m/n/12 rep-e-ti-tions,
 []


Underfull \hbox (badness 10000) in paragraph at lines 38--39
\OT1/cmr/m/n/12 and lim-ited
 []


Underfull \hbox (badness 10000) in paragraph at lines 38--39
\OT1/cmr/m/n/12 abil-ity to
 []


Underfull \hbox (badness 5939) in paragraph at lines 38--39
\OT1/cmr/m/n/12 gen-er-al-ize to
 []


Underfull \hbox (badness 10000) in paragraph at lines 39--40
\OT1/cmr/m/n/12 of ma-chine
 []


Underfull \hbox (badness 10000) in paragraph at lines 39--40
\OT1/cmr/m/n/12 trans-la-tion
 []


Underfull \hbox (badness 10000) in paragraph at lines 39--40
\OT1/cmr/m/n/12 for Fil-ipino
 []


Underfull \hbox (badness 10000) in paragraph at lines 39--40
\OT1/cmr/m/n/12 col-lo-qui-
 []


Underfull \hbox (badness 10000) in paragraph at lines 39--40
\OT1/cmr/m/n/12 alisms, with
 []


Underfull \hbox (badness 10000) in paragraph at lines 43--44
[]|\OT1/cmr/m/n/12 Developing
 []


Underfull \hbox (badness 1694) in paragraph at lines 43--44
\OT1/cmr/m/n/12 an in-tel-li-gent
 []


Underfull \hbox (badness 10000) in paragraph at lines 43--44
\OT1/cmr/m/n/12 sys-tem to
 []


Underfull \hbox (badness 10000) in paragraph at lines 43--44
\OT1/cmr/m/n/12 trans-form
 []


Underfull \hbox (badness 10000) in paragraph at lines 43--44
\OT1/cmr/m/n/12 words into
 []


Underfull \hbox (badness 10000) in paragraph at lines 44--45
[]|\OT1/cmr/m/n/12 The study
 []


Underfull \hbox (badness 10000) in paragraph at lines 44--45
\OT1/cmr/m/n/12 noted that
 []


Underfull \hbox (badness 10000) in paragraph at lines 44--45
\OT1/cmr/m/n/12 more pow-er-
 []


Underfull \hbox (badness 10000) in paragraph at lines 44--45
\OT1/cmr/m/n/12 the train-ing
 []


Underfull \hbox (badness 10000) in paragraph at lines 44--45
\OT1/cmr/m/n/12 and test-ing,
 []


Underfull \hbox (badness 10000) in paragraph at lines 44--45
\OT1/cmr/m/n/12 and needed
 []


Underfull \hbox (badness 10000) in paragraph at lines 45--46
\OT1/cmr/m/n/12 an ef-fec-tive
 []


Underfull \hbox (badness 10000) in paragraph at lines 45--46
\OT1/cmr/m/n/12 model for
 []


Underfull \hbox (badness 10000) in paragraph at lines 45--46
\OT1/cmr/m/n/12 trans-lat-ing
 []


Underfull \hbox (badness 10000) in paragraph at lines 45--46
\OT1/cmr/m/n/12 to for-mal
 []


Underfull \hbox (badness 10000) in paragraph at lines 45--46
\OT1/cmr/m/n/12 En-glish and
 []


Underfull \hbox (badness 10000) in paragraph at lines 45--46
\OT1/cmr/m/n/12 high-lighted
 []


Underfull \hbox (badness 10000) in paragraph at lines 45--46
\OT1/cmr/m/n/12 the im-por-
 []


Underfull \hbox (badness 10000) in paragraph at lines 45--46
\OT1/cmr/m/n/12 tance of
 []


Underfull \hbox (badness 10000) in paragraph at lines 45--46
\OT1/cmr/m/n/12 fine-tuning
 []


Underfull \hbox (badness 10000) in paragraph at lines 45--46
\OT1/cmr/m/n/12 pre-trained
 []


Underfull \hbox (badness 1142) in paragraph at lines 49--50
[]|\OT1/cmr/m/n/12 Persian slang
 []


Underfull \hbox (badness 10000) in paragraph at lines 49--50
\OT1/cmr/m/n/12 text con-ver-
 []


Underfull \hbox (badness 10000) in paragraph at lines 49--50
\OT1/cmr/m/n/12 and deep
 []


Underfull \hbox (badness 10000) in paragraph at lines 49--50
\OT1/cmr/m/n/12 learn-ing of
 []


Underfull \hbox (badness 1142) in paragraph at lines 49--50
\OT1/cmr/m/n/12 Per-sian short
 []


Underfull \hbox (badness 10000) in paragraph at lines 50--51
[]|\OT1/cmr/m/n/12 The BERT
 []


Underfull \hbox (badness 10000) in paragraph at lines 50--51
\OT1/cmr/m/n/12 mod-els used
 []


Underfull \hbox (badness 6078) in paragraph at lines 50--51
\OT1/cmr/m/n/12 used in the
 []


Underfull \hbox (badness 10000) in paragraph at lines 50--51
\OT1/cmr/m/n/12 sen-ti-ment
 []


Underfull \hbox (badness 10000) in paragraph at lines 51--52
[]|\OT1/cmr/m/n/12 Created a
 []


Underfull \hbox (badness 3281) in paragraph at lines 51--52
\OT1/cmr/m/n/12 tool to con-
 []


Underfull \hbox (badness 10000) in paragraph at lines 51--52
\OT1/cmr/m/n/12 vert Per-sian
 []


Underfull \hbox (badness 1596) in paragraph at lines 51--52
\OT1/cmr/m/n/12 slang to for-
 []


Underfull \hbox (badness 10000) in paragraph at lines 51--52
\OT1/cmr/m/n/12 im-proved
 []


Underfull \hbox (badness 10000) in paragraph at lines 51--52
\OT1/cmr/m/n/12 sen-ti-ment
 []


Underfull \hbox (badness 10000) in paragraph at lines 51--52
\OT1/cmr/m/n/12 ana-lysis of
 []


Underfull \hbox (badness 10000) in paragraph at lines 51--52
\OT1/cmr/m/n/12 short texts
 []


Underfull \hbox (badness 10000) in paragraph at lines 51--52
\OT1/cmr/m/n/12 us-ing deep
 []


LaTeX Warning: Citation `hu2021loralowrankadaptationlarge' undefined on input l
ine 59.


LaTeX Warning: Citation `zhao2024loraland310finetuned' undefined on input line 
63.


LaTeX Warning: Citation `nguyen2023finetuningllama2large' undefined on input li
ne 64.

)
Underfull \vbox (badness 10000) has occurred while \output is active []



[10]

[11]

[12]
\openout2 = `chapter_3.aux'.

 (chapter_3.tex
Chapter 3.
<figures/methodology.png, id=89, 925.4575pt x 322.20375pt>
File: figures/methodology.png Graphic file (type png)
<use figures/methodology.png>
Package pdftex.def Info: figures/methodology.png  used on input line 9.
(pdftex.def)             Requested size: 462.72762pt x 161.10147pt.

Overfull \hbox (47.17513pt too wide) in paragraph at lines 9--10
 [][] 
 []



[13




 <./figures/methodology.png>]

[14]

LaTeX Warning: Citation `unsloth' undefined on input line 30.


LaTeX Warning: Citation `papineni_roukos_ward_zhu_2001' undefined on input line
 32.


LaTeX Warning: Citation `lin_2004' undefined on input line 32.



[15]

[16])

[17]
\openout2 = `chapter_4.aux'.

 (chapter_4.tex

[18




]
Chapter 4.
<figures/TrainLoss.png, id=111, 2055.68pt x 1080.035pt>
File: figures/TrainLoss.png Graphic file (type png)
<use figures/TrainLoss.png>
Package pdftex.def Info: figures/TrainLoss.png  used on input line 12.
(pdftex.def)             Requested size: 411.12872pt x 216.00317pt.


[19]
<figures/EvaluationLoss.png, id=115, 2055.68pt x 1080.035pt>
File: figures/EvaluationLoss.png Graphic file (type png)
<use figures/EvaluationLoss.png>
Package pdftex.def Info: figures/EvaluationLoss.png  used on input line 18.
(pdftex.def)             Requested size: 411.12872pt x 216.00317pt.
<figures/BLEUEvaluation.png, id=116, 2055.68pt x 1080.035pt>
File: figures/BLEUEvaluation.png Graphic file (type png)
<use figures/BLEUEvaluation.png>
Package pdftex.def Info: figures/BLEUEvaluation.png  used on input line 24.
(pdftex.def)             Requested size: 411.12872pt x 216.00317pt.

Underfull \vbox (badness 10000) has occurred while \output is active []



[20 <./figures/TrainLoss.png>]
<figures/ROUGELEvaluation.png, id=121, 2055.68pt x 1080.035pt>
File: figures/ROUGELEvaluation.png Graphic file (type png)
<use figures/ROUGELEvaluation.png>
Package pdftex.def Info: figures/ROUGELEvaluation.png  used on input line 30.
(pdftex.def)             Requested size: 411.12872pt x 216.00317pt.

Underfull \vbox (badness 10000) has occurred while \output is active []



[21 <./figures/EvaluationLoss.png> <./figures/BLEUEvaluation.png>]
Overfull \hbox (0.7462pt too wide) in paragraph at lines 39--40
\OT1/cmr/m/n/12 The dataset was au-to-mat-i-cally eval-u-ated us-ing BLEU and R
OUGE met-rics, specif-
 []



[22 <./figures/ROUGELEvaluation.png>]
<figures/Form1.png, id=131, 505.89pt x 362.35374pt>
File: figures/Form1.png Graphic file (type png)
<use figures/Form1.png>
Package pdftex.def Info: figures/Form1.png  used on input line 48.
(pdftex.def)             Requested size: 354.12057pt x 253.64589pt.

Underfull \vbox (badness 3884) has occurred while \output is active []



[23]
<figures/Form2.png, id=135, 505.89pt x 362.35374pt>
File: figures/Form2.png Graphic file (type png)
<use figures/Form2.png>
Package pdftex.def Info: figures/Form2.png  used on input line 58.
(pdftex.def)             Requested size: 354.12057pt x 253.64589pt.
<figures/Form3.png, id=136, 505.89pt x 362.35374pt>
File: figures/Form3.png Graphic file (type png)
<use figures/Form3.png>
Package pdftex.def Info: figures/Form3.png  used on input line 67.
(pdftex.def)             Requested size: 354.12057pt x 253.64589pt.

Underfull \vbox (badness 10000) has occurred while \output is active []



[24 <./figures/Form1.png>]

[25 <./figures/Form2.png> <./figures/Form3.png>]
<figures/Form4.png, id=147, 505.89pt x 362.35374pt>
File: figures/Form4.png Graphic file (type png)
<use figures/Form4.png>
Package pdftex.def Info: figures/Form4.png  used on input line 76.
(pdftex.def)             Requested size: 354.12057pt x 253.64589pt.
<figures/Form5.png, id=148, 505.89pt x 362.35374pt>
File: figures/Form5.png Graphic file (type png)
<use figures/Form5.png>
Package pdftex.def Info: figures/Form5.png  used on input line 85.
(pdftex.def)             Requested size: 354.12057pt x 253.64589pt.
<figures/Summary.png, id=149, 505.89pt x 362.35374pt>
File: figures/Summary.png Graphic file (type png)
<use figures/Summary.png>
Package pdftex.def Info: figures/Summary.png  used on input line 94.
(pdftex.def)             Requested size: 354.12057pt x 253.64589pt.


[26 <./figures/Form4.png>]

[27 <./figures/Form5.png> <./figures/Summary.png>]

[28])

[29]
\openout2 = `chapter_5.aux'.

 (chapter_5.tex

[30




]
Chapter 5.

Underfull \vbox (badness 10000) has occurred while \output is active []



[31])

[32]
\openout2 = `chapter_6.aux'.

 (chapter_6.tex
Chapter 6.
(SP-name.bbl
! Misplaced alignment tab character &.
<argument> McKinsey &
                      Company
l.193 \APACaddressPublisher{}{McKinsey & Company}
                                                 .
I can't figure out why you would want to use a tab mark
here. If you just want an ampersand, the remedy is
simple: Just type `I\&' now. But if some right brace
up above has ended a previous alignment prematurely,
you're probably due for more error messages, and you
might try typing `S' now just to see what is salvageable.


Underfull \vbox (badness 10000) has occurred while \output is active []



[33




]
Underfull \hbox (badness 1931) in paragraph at lines 233--246
\OT1/cmr/m/n/12 trieved from $\OT1/cmtt/m/n/12 https :// www [] .open [] .edu /
 openlearn / languages / exploring []
 []


Underfull \hbox (badness 4229) in paragraph at lines 292--310
\OT1/cmr/m/n/12 in so-cial me-dia among malaysian youths: A so-ci-olin-guis-tic
 per-
 []


Underfull \hbox (badness 10000) in paragraph at lines 292--310
\OT1/cmr/m/n/12 spec-tive.  \OT1/cmr/m/it/12 In-ter-na-tional Young Schol-ars J
our-nal of Lan-guages\OT1/cmr/m/n/12 ,
 []


Underfull \hbox (badness 10000) in paragraph at lines 292--310
\OT1/cmr/m/it/12 4\OT1/cmr/m/n/12 (2), 69.  Re-trieved from $\OT1/cmtt/m/n/12 h
ttps :// www [] .iium [] .edu [] .my / media /
 []


Underfull \hbox (badness 10000) in paragraph at lines 292--310
\OT1/cmtt/m/n/12 77652 / Slang % 20Language % 20Use % 20in % 20Social % 20Media
 % 20Among %
 []


Underfull \hbox (badness 2837) in paragraph at lines 322--336
[]\OT1/cmr/m/n/12 Gonzaga, M.  (2025, Feb).  \OT1/cmr/m/it/12 \forda convo ang 
fer-son": Ana-lysis of
 []


Underfull \hbox (badness 2452) in paragraph at lines 322--336
\OT1/cmr/m/it/12 gen z slang in the lens of bat-sta-teu fac-ulty mem-bers.  \OT
1/cmr/m/n/12 Re-trieved
 []


Underfull \hbox (badness 4967) in paragraph at lines 322--336
\OT1/cmr/m/n/12 from $\OT1/cmtt/m/n/12 https :// www [] .academia [] .edu / 102
575643 / [][]FORDA [] []CONVO [] []ANG [] []FERSON []
 []



[34]
! Misplaced alignment tab character &.
<argument> ...International Journal for Research &
                                                   Technology
l.454   Technology}{3}{4}{11–25}
                                  .
I can't figure out why you would want to use a tab mark
here. If you just want an ampersand, the remedy is
simple: Just type `I\&' now. But if some right brace
up above has ended a previous alignment prematurely,
you're probably due for more error messages, and you
might try typing `S' now just to see what is salvageable.


Underfull \hbox (badness 10000) in paragraph at lines 557--570
[]\OT1/cmr/m/n/12 Mantiri, O.  (2010, 03).  Fac-tors af-fect-ing lan-guage chan
ge.
 []



[35]
! Misplaced alignment tab character &.
<argument> Language &
                      Communication
l.747 ...anguage & Communication}{29}{3}{199--209}
                                                  .
I can't figure out why you would want to use a tab mark
here. If you just want an ampersand, the remedy is
simple: Just type `I\&' now. But if some right brace
up above has ended a previous alignment prematurely,
you're probably due for more error messages, and you
might try typing `S' now just to see what is salvageable.



[36]))

[37] (SP-name.aux (title_page.aux) (approval.aux) (declaration.aux)
(dedication.aux) (acknowledgment.aux) (abstract.aux) (chapter_1.aux)
(chapter_2.aux) (chapter_3.aux) (chapter_4.aux) (chapter_5.aux) (chapter_6.aux)
)
 ***********
LaTeX2e <2024-06-01> patch level 2
L3 programming layer <2024-08-16>
 ***********


LaTeX Warning: There were undefined references.

 ) 
Here is how much of TeX's memory you used:
 6281 strings out of 473899
 101542 string characters out of 5726971
 1939960 words of memory out of 5000000
 28960 multiletter control sequences out of 15000+600000
 567588 words of font info for 71 fonts, out of 8000000 for 9000
 1143 hyphenation exceptions out of 8191
 79i,10n,84p,1100b,376s stack positions out of 10000i,1000n,20000p,200000b,200000s
 <C:\Users\asus\AppData\Local\MiKTeX\fonts/pk/ljfour/jknappen/ec/dpi600\tcrm1
200.pk><C:/Users/asus/AppData/Local/Programs/MiKTeX/fonts/type1/public/amsfonts
/cm/cmbx10.pfb><C:/Users/asus/AppData/Local/Programs/MiKTeX/fonts/type1/public/
amsfonts/cm/cmbx12.pfb><C:/Users/asus/AppData/Local/Programs/MiKTeX/fonts/type1
/public/amsfonts/cm/cmcsc10.pfb><C:/Users/asus/AppData/Local/Programs/MiKTeX/fo
nts/type1/public/amsfonts/cm/cmr12.pfb><C:/Users/asus/AppData/Local/Programs/Mi
KTeX/fonts/type1/public/amsfonts/cm/cmsl12.pfb><C:/Users/asus/AppData/Local/Pro
grams/MiKTeX/fonts/type1/public/amsfonts/cm/cmss8.pfb><C:/Users/asus/AppData/Lo
cal/Programs/MiKTeX/fonts/type1/public/amsfonts/cm/cmti12.pfb><C:/Users/asus/Ap
pData/Local/Programs/MiKTeX/fonts/type1/public/amsfonts/cm/cmtt12.pfb>
Output written on SP-name.pdf (50 pages, 757759 bytes).
PDF statistics:
 232 PDF objects out of 1000 (max. 8388607)
 0 named destinations out of 1000 (max. 500000)
 56 words of extra memory for PDF output out of 10000 (max. 10000000)

